Arguments: 
  C:\Program Files\nodejs\node.exe C:\Users\01\AppData\Roaming\npm\node_modules\yarn\bin\yarn.js add styled-components

PATH: 
  C:\Python311\Scripts\;C:\Python311\;C:\Program Files\Common Files\Oracle\Java\javapath;C:\Program Files (x86)\Common Files\Oracle\Java\javapath;C:\Python310\Scripts\;C:\Python310\;C:\WINDOWS\system32;C:\WINDOWS;C:\WINDOWS\System32\Wbem;C:\WINDOWS\System32\WindowsPowerShell\v1.0\;C:\WINDOWS\System32\OpenSSH\;C:\ProgramData\chocolatey\bin;C:\Program Files\OpenJDK\openjdk-8u312-b07\bin;C:\Program Files\Git\cmd;C:\Program Files\Java\jdk1.8.0_211\bin;C:\Program Files\nodejs\;C:\Users\01\AppData\Local\Microsoft\WindowsApps;C:\Users\01\AppData\Local\Programs\Microsoft VS Code\bin;C:\Android\Sdk\platform-tools;C:\Program Files\heroku\bin;C:\Users\01\AppData\Roaming\Pub\Cache\bin;C:\tools\dart-sdk;C:\tools\dart-sdk\bin;C:\flutter\bin;C:\Users\01\AppData\Local\Yarn\bin;C:\Users\01\AppData\Roaming\npm

Yarn version: 
  1.22.19

Node version: 
  18.12.1

Platform: 
  win32 x64

Trace: 
  Error: EPERM: operation not permitted, copyfile 'C:\Users\01\AppData\Local\Yarn\Cache\v6\npm-@expo-vector-icons-13.0.0-e2989b85e95a82bce216f88cf8fb583ab050ec95-integrity\node_modules\@expo\vector-icons\Entypo.d.ts' -> 'C:\Users\01\Documents\GitHub\pokemon-cafe-menu\node_modules\@expo\vector-icons\Entypo.d.ts'

npm manifest: 
  {
    "name": "pokemon-cafe-menu",
    "version": "1.0.0",
    "main": "node_modules/expo/AppEntry.js",
    "scripts": {
      "start": "expo start",
      "android": "expo start --android",
      "ios": "expo start --ios",
      "web": "expo start --web"
    },
    "dependencies": {
      "expo": "~47.0.12",
      "expo-status-bar": "~1.4.2",
      "react": "18.1.0",
      "react-dom": "18.1.0",
      "react-native": "0.70.5",
      "react-native-web": "~0.18.9"
    },
    "devDependencies": {
      "@babel/core": "^7.12.9",
      "@types/react": "~18.0.14",
      "@types/react-native": "~0.70.6",
      "typescript": "^4.6.3"
    },
    "private": true
  }

yarn manifest: 
  No manifest

Lockfile: 
  No lockfile
